{"C:\\Users\\calde\\Documents\\react_curso\\proyecto\\frontend\\src\\App.jsx": {"path":"C:\\Users\\calde\\Documents\\react_curso\\proyecto\\frontend\\src\\App.jsx","statementMap":{"0":{"start":{"line":17,"column":2},"end":{"line":50,"column":4}}},"fnMap":{"0":{"name":"App","decl":{"start":{"line":16,"column":9},"end":{"line":16,"column":12}},"loc":{"start":{"line":16,"column":15},"end":{"line":51,"column":1}},"line":16}},"branchMap":{},"s":{"0":0},"f":{"0":0},"b":{}}
,"C:\\Users\\calde\\Documents\\react_curso\\proyecto\\frontend\\src\\components\\navbar\\NavBar.jsx": {"path":"C:\\Users\\calde\\Documents\\react_curso\\proyecto\\frontend\\src\\components\\navbar\\NavBar.jsx","statementMap":{"0":{"start":{"line":5,"column":13},"end":{"line":75,"column":1}},"1":{"start":{"line":6,"column":2},"end":{"line":74,"column":4}}},"fnMap":{"0":{"name":"(anonymous_0)","decl":{"start":{"line":5,"column":13},"end":{"line":5,"column":14}},"loc":{"start":{"line":5,"column":19},"end":{"line":75,"column":1}},"line":5}},"branchMap":{},"s":{"0":0,"1":0},"f":{"0":0},"b":{}}
,"C:\\Users\\calde\\Documents\\react_curso\\proyecto\\frontend\\src\\containers\\home\\HomeScreen.jsx": {"path":"C:\\Users\\calde\\Documents\\react_curso\\proyecto\\frontend\\src\\containers\\home\\HomeScreen.jsx","statementMap":{"0":{"start":{"line":11,"column":19},"end":{"line":52,"column":1}},"1":{"start":{"line":12,"column":19},"end":{"line":12,"column":32}},"2":{"start":{"line":14,"column":22},"end":{"line":14,"column":63}},"3":{"start":{"line":14,"column":45},"end":{"line":14,"column":62}},"4":{"start":{"line":16,"column":47},"end":{"line":16,"column":58}},"5":{"start":{"line":19,"column":2},"end":{"line":23,"column":28}},"6":{"start":{"line":20,"column":4},"end":{"line":22,"column":5}},"7":{"start":{"line":21,"column":6},"end":{"line":21,"column":31}},"8":{"start":{"line":25,"column":2},"end":{"line":51,"column":4}},"9":{"start":{"line":36,"column":14},"end":{"line":45,"column":20}}},"fnMap":{"0":{"name":"(anonymous_0)","decl":{"start":{"line":11,"column":19},"end":{"line":11,"column":20}},"loc":{"start":{"line":11,"column":25},"end":{"line":52,"column":1}},"line":11},"1":{"name":"(anonymous_1)","decl":{"start":{"line":14,"column":34},"end":{"line":14,"column":35}},"loc":{"start":{"line":14,"column":45},"end":{"line":14,"column":62}},"line":14},"2":{"name":"(anonymous_2)","decl":{"start":{"line":19,"column":12},"end":{"line":19,"column":13}},"loc":{"start":{"line":19,"column":18},"end":{"line":23,"column":3}},"line":19},"3":{"name":"(anonymous_3)","decl":{"start":{"line":35,"column":25},"end":{"line":35,"column":26}},"loc":{"start":{"line":36,"column":14},"end":{"line":45,"column":20}},"line":36}},"branchMap":{"0":{"loc":{"start":{"line":20,"column":4},"end":{"line":22,"column":5}},"type":"if","locations":[{"start":{"line":20,"column":4},"end":{"line":22,"column":5}},{"start":{"line":20,"column":4},"end":{"line":22,"column":5}}],"line":20},"1":{"loc":{"start":{"line":30,"column":11},"end":{"line":47,"column":11}},"type":"cond-expr","locations":[{"start":{"line":31,"column":12},"end":{"line":31,"column":31}},{"start":{"line":32,"column":14},"end":{"line":47,"column":11}}],"line":30},"2":{"loc":{"start":{"line":32,"column":14},"end":{"line":47,"column":11}},"type":"cond-expr","locations":[{"start":{"line":33,"column":12},"end":{"line":33,"column":28}},{"start":{"line":35,"column":12},"end":{"line":46,"column":14}}],"line":32}},"s":{"0":0,"1":0,"2":0,"3":0,"4":0,"5":0,"6":0,"7":0,"8":0,"9":0},"f":{"0":0,"1":0,"2":0,"3":0},"b":{"0":[0,0],"1":[0,0],"2":[0,0]}}
,"C:\\Users\\calde\\Documents\\react_curso\\proyecto\\frontend\\src\\containers\\product-create\\ProductCreate.jsx": {"path":"C:\\Users\\calde\\Documents\\react_curso\\proyecto\\frontend\\src\\containers\\product-create\\ProductCreate.jsx","statementMap":{"0":{"start":{"line":8,"column":26},"end":{"line":8,"column":38}},"1":{"start":{"line":9,"column":40},"end":{"line":9,"column":52}},"2":{"start":{"line":10,"column":28},"end":{"line":10,"column":40}},"3":{"start":{"line":11,"column":42},"end":{"line":11,"column":54}},"4":{"start":{"line":12,"column":30},"end":{"line":12,"column":42}},"5":{"start":{"line":14,"column":19},"end":{"line":14,"column":32}},"6":{"start":{"line":15,"column":18},"end":{"line":15,"column":30}},"7":{"start":{"line":17,"column":24},"end":{"line":29,"column":3}},"8":{"start":{"line":18,"column":4},"end":{"line":18,"column":23}},"9":{"start":{"line":19,"column":4},"end":{"line":27,"column":6}},"10":{"start":{"line":28,"column":4},"end":{"line":28,"column":22}},"11":{"start":{"line":30,"column":2},"end":{"line":32,"column":17}},"12":{"start":{"line":31,"column":4},"end":{"line":31,"column":30}},"13":{"start":{"line":33,"column":2},"end":{"line":91,"column":4}}},"fnMap":{"0":{"name":"ProductCreate","decl":{"start":{"line":7,"column":9},"end":{"line":7,"column":22}},"loc":{"start":{"line":7,"column":25},"end":{"line":92,"column":1}},"line":7},"1":{"name":"(anonymous_1)","decl":{"start":{"line":17,"column":24},"end":{"line":17,"column":25}},"loc":{"start":{"line":17,"column":31},"end":{"line":29,"column":3}},"line":17},"2":{"name":"(anonymous_2)","decl":{"start":{"line":30,"column":12},"end":{"line":30,"column":13}},"loc":{"start":{"line":30,"column":18},"end":{"line":32,"column":3}},"line":30}},"branchMap":{},"s":{"0":0,"1":0,"2":0,"3":0,"4":0,"5":0,"6":0,"7":0,"8":0,"9":0,"10":0,"11":0,"12":0,"13":0},"f":{"0":0,"1":0,"2":0},"b":{}}
,"C:\\Users\\calde\\Documents\\react_curso\\proyecto\\frontend\\src\\hooks\\useInput.js": {"path":"C:\\Users\\calde\\Documents\\react_curso\\proyecto\\frontend\\src\\hooks\\useInput.js","statementMap":{"0":{"start":{"line":3,"column":17},"end":{"line":12,"column":1}},"1":{"start":{"line":4,"column":24},"end":{"line":4,"column":46}},"2":{"start":{"line":6,"column":23},"end":{"line":9,"column":3}},"3":{"start":{"line":7,"column":22},"end":{"line":7,"column":34}},"4":{"start":{"line":8,"column":4},"end":{"line":8,"column":18}},"5":{"start":{"line":11,"column":2},"end":{"line":11,"column":29}}},"fnMap":{"0":{"name":"(anonymous_0)","decl":{"start":{"line":3,"column":17},"end":{"line":3,"column":18}},"loc":{"start":{"line":3,"column":35},"end":{"line":12,"column":1}},"line":3},"1":{"name":"(anonymous_1)","decl":{"start":{"line":6,"column":23},"end":{"line":6,"column":24}},"loc":{"start":{"line":6,"column":34},"end":{"line":9,"column":3}},"line":6}},"branchMap":{},"s":{"0":0,"1":0,"2":0,"3":0,"4":0,"5":0},"f":{"0":0,"1":0},"b":{}}
,"C:\\Users\\calde\\Documents\\react_curso\\proyecto\\frontend\\src\\store\\index.js": {"path":"C:\\Users\\calde\\Documents\\react_curso\\proyecto\\frontend\\src\\store\\index.js","statementMap":{"0":{"start":{"line":7,"column":20},"end":{"line":7,"column":27}},"1":{"start":{"line":8,"column":27},"end":{"line":8,"column":58}},"2":{"start":{"line":9,"column":21},"end":{"line":12,"column":1}}},"fnMap":{},"branchMap":{},"s":{"0":0,"1":0,"2":0},"f":{},"b":{}}
,"C:\\Users\\calde\\Documents\\react_curso\\proyecto\\frontend\\src\\store\\initialState.js": {"path":"C:\\Users\\calde\\Documents\\react_curso\\proyecto\\frontend\\src\\store\\initialState.js","statementMap":{"0":{"start":{"line":1,"column":35},"end":{"line":6,"column":1}},"1":{"start":{"line":7,"column":32},"end":{"line":9,"column":6}},"2":{"start":{"line":10,"column":29},"end":{"line":14,"column":1}}},"fnMap":{},"branchMap":{"0":{"loc":{"start":{"line":7,"column":32},"end":{"line":9,"column":6}},"type":"cond-expr","locations":[{"start":{"line":8,"column":4},"end":{"line":8,"column":44}},{"start":{"line":9,"column":4},"end":{"line":9,"column":6}}],"line":7}},"s":{"0":0,"1":0,"2":0},"f":{},"b":{"0":[0,0]}}
,"C:\\Users\\calde\\Documents\\react_curso\\proyecto\\frontend\\src\\store\\products\\actions.js": {"path":"C:\\Users\\calde\\Documents\\react_curso\\proyecto\\frontend\\src\\store\\products\\actions.js","statementMap":{"0":{"start":{"line":15,"column":27},"end":{"line":34,"column":1}},"1":{"start":{"line":15,"column":33},"end":{"line":34,"column":1}},"2":{"start":{"line":16,"column":2},"end":{"line":33,"column":3}},"3":{"start":{"line":17,"column":4},"end":{"line":17,"column":45}},"4":{"start":{"line":19,"column":21},"end":{"line":19,"column":53}},"5":{"start":{"line":21,"column":4},"end":{"line":24,"column":7}},"6":{"start":{"line":26,"column":4},"end":{"line":32,"column":7}},"7":{"start":{"line":36,"column":33},"end":{"line":55,"column":1}},"8":{"start":{"line":36,"column":41},"end":{"line":55,"column":1}},"9":{"start":{"line":37,"column":2},"end":{"line":54,"column":3}},"10":{"start":{"line":38,"column":4},"end":{"line":38,"column":52}},"11":{"start":{"line":40,"column":21},"end":{"line":40,"column":59}},"12":{"start":{"line":42,"column":4},"end":{"line":45,"column":7}},"13":{"start":{"line":47,"column":4},"end":{"line":53,"column":7}},"14":{"start":{"line":57,"column":36},"end":{"line":59,"column":1}},"15":{"start":{"line":57,"column":42},"end":{"line":59,"column":1}},"16":{"start":{"line":58,"column":2},"end":{"line":58,"column":48}},"17":{"start":{"line":61,"column":29},"end":{"line":85,"column":1}},"18":{"start":{"line":61,"column":42},"end":{"line":85,"column":1}},"19":{"start":{"line":62,"column":2},"end":{"line":84,"column":3}},"20":{"start":{"line":63,"column":4},"end":{"line":63,"column":45}},"21":{"start":{"line":66,"column":21},"end":{"line":66,"column":68}},"22":{"start":{"line":67,"column":4},"end":{"line":67,"column":13}},"23":{"start":{"line":68,"column":4},"end":{"line":73,"column":5}},"24":{"start":{"line":69,"column":6},"end":{"line":72,"column":9}},"25":{"start":{"line":75,"column":4},"end":{"line":75,"column":23}},"26":{"start":{"line":77,"column":4},"end":{"line":83,"column":7}}},"fnMap":{"0":{"name":"(anonymous_0)","decl":{"start":{"line":15,"column":27},"end":{"line":15,"column":28}},"loc":{"start":{"line":15,"column":33},"end":{"line":34,"column":1}},"line":15},"1":{"name":"(anonymous_1)","decl":{"start":{"line":15,"column":33},"end":{"line":15,"column":34}},"loc":{"start":{"line":15,"column":53},"end":{"line":34,"column":1}},"line":15},"2":{"name":"(anonymous_2)","decl":{"start":{"line":36,"column":33},"end":{"line":36,"column":34}},"loc":{"start":{"line":36,"column":41},"end":{"line":55,"column":1}},"line":36},"3":{"name":"(anonymous_3)","decl":{"start":{"line":36,"column":41},"end":{"line":36,"column":42}},"loc":{"start":{"line":36,"column":61},"end":{"line":55,"column":1}},"line":36},"4":{"name":"(anonymous_4)","decl":{"start":{"line":57,"column":36},"end":{"line":57,"column":37}},"loc":{"start":{"line":57,"column":42},"end":{"line":59,"column":1}},"line":57},"5":{"name":"(anonymous_5)","decl":{"start":{"line":57,"column":42},"end":{"line":57,"column":43}},"loc":{"start":{"line":57,"column":56},"end":{"line":59,"column":1}},"line":57},"6":{"name":"(anonymous_6)","decl":{"start":{"line":61,"column":29},"end":{"line":61,"column":30}},"loc":{"start":{"line":61,"column":42},"end":{"line":85,"column":1}},"line":61},"7":{"name":"(anonymous_7)","decl":{"start":{"line":61,"column":42},"end":{"line":61,"column":43}},"loc":{"start":{"line":61,"column":62},"end":{"line":85,"column":1}},"line":61}},"branchMap":{"0":{"loc":{"start":{"line":29,"column":8},"end":{"line":31,"column":25}},"type":"cond-expr","locations":[{"start":{"line":30,"column":12},"end":{"line":30,"column":39}},{"start":{"line":31,"column":12},"end":{"line":31,"column":25}}],"line":29},"1":{"loc":{"start":{"line":29,"column":8},"end":{"line":29,"column":53}},"type":"binary-expr","locations":[{"start":{"line":29,"column":8},"end":{"line":29,"column":22}},{"start":{"line":29,"column":26},"end":{"line":29,"column":53}}],"line":29},"2":{"loc":{"start":{"line":50,"column":8},"end":{"line":52,"column":25}},"type":"cond-expr","locations":[{"start":{"line":51,"column":12},"end":{"line":51,"column":39}},{"start":{"line":52,"column":12},"end":{"line":52,"column":25}}],"line":50},"3":{"loc":{"start":{"line":50,"column":8},"end":{"line":50,"column":53}},"type":"binary-expr","locations":[{"start":{"line":50,"column":8},"end":{"line":50,"column":22}},{"start":{"line":50,"column":26},"end":{"line":50,"column":53}}],"line":50},"4":{"loc":{"start":{"line":68,"column":4},"end":{"line":73,"column":5}},"type":"if","locations":[{"start":{"line":68,"column":4},"end":{"line":73,"column":5}},{"start":{"line":68,"column":4},"end":{"line":73,"column":5}}],"line":68},"5":{"loc":{"start":{"line":80,"column":8},"end":{"line":82,"column":25}},"type":"cond-expr","locations":[{"start":{"line":81,"column":12},"end":{"line":81,"column":39}},{"start":{"line":82,"column":12},"end":{"line":82,"column":25}}],"line":80},"6":{"loc":{"start":{"line":80,"column":8},"end":{"line":80,"column":53}},"type":"binary-expr","locations":[{"start":{"line":80,"column":8},"end":{"line":80,"column":22}},{"start":{"line":80,"column":26},"end":{"line":80,"column":53}}],"line":80}},"s":{"0":0,"1":0,"2":0,"3":0,"4":0,"5":0,"6":0,"7":0,"8":0,"9":0,"10":0,"11":0,"12":0,"13":0,"14":0,"15":0,"16":0,"17":0,"18":0,"19":0,"20":0,"21":0,"22":0,"23":0,"24":0,"25":0,"26":0},"f":{"0":0,"1":0,"2":0,"3":0,"4":0,"5":0,"6":0,"7":0},"b":{"0":[0,0],"1":[0,0],"2":[0,0],"3":[0,0],"4":[0,0],"5":[0,0],"6":[0,0]}}
,"C:\\Users\\calde\\Documents\\react_curso\\proyecto\\frontend\\src\\store\\products\\productReducer.js": {"path":"C:\\Users\\calde\\Documents\\react_curso\\proyecto\\frontend\\src\\store\\products\\productReducer.js","statementMap":{"0":{"start":{"line":14,"column":34},"end":{"line":56,"column":1}},"1":{"start":{"line":18,"column":2},"end":{"line":55,"column":3}},"2":{"start":{"line":20,"column":6},"end":{"line":24,"column":8}},"3":{"start":{"line":26,"column":6},"end":{"line":30,"column":8}},"4":{"start":{"line":32,"column":6},"end":{"line":36,"column":8}},"5":{"start":{"line":38,"column":6},"end":{"line":41,"column":8}},"6":{"start":{"line":43,"column":6},"end":{"line":47,"column":8}},"7":{"start":{"line":49,"column":6},"end":{"line":52,"column":8}},"8":{"start":{"line":54,"column":6},"end":{"line":54,"column":19}},"9":{"start":{"line":58,"column":40},"end":{"line":86,"column":1}},"10":{"start":{"line":59,"column":2},"end":{"line":85,"column":3}},"11":{"start":{"line":61,"column":6},"end":{"line":64,"column":8}},"12":{"start":{"line":66,"column":6},"end":{"line":70,"column":8}},"13":{"start":{"line":72,"column":6},"end":{"line":76,"column":8}},"14":{"start":{"line":78,"column":6},"end":{"line":81,"column":8}},"15":{"start":{"line":84,"column":6},"end":{"line":84,"column":19}}},"fnMap":{"0":{"name":"(anonymous_0)","decl":{"start":{"line":14,"column":34},"end":{"line":14,"column":35}},"loc":{"start":{"line":17,"column":5},"end":{"line":56,"column":1}},"line":17},"1":{"name":"(anonymous_1)","decl":{"start":{"line":58,"column":40},"end":{"line":58,"column":41}},"loc":{"start":{"line":58,"column":77},"end":{"line":86,"column":1}},"line":58}},"branchMap":{"0":{"loc":{"start":{"line":15,"column":2},"end":{"line":15,"column":44}},"type":"default-arg","locations":[{"start":{"line":15,"column":10},"end":{"line":15,"column":44}}],"line":15},"1":{"loc":{"start":{"line":18,"column":2},"end":{"line":55,"column":3}},"type":"switch","locations":[{"start":{"line":19,"column":4},"end":{"line":24,"column":8}},{"start":{"line":25,"column":4},"end":{"line":30,"column":8}},{"start":{"line":31,"column":4},"end":{"line":36,"column":8}},{"start":{"line":37,"column":4},"end":{"line":41,"column":8}},{"start":{"line":42,"column":4},"end":{"line":47,"column":8}},{"start":{"line":48,"column":4},"end":{"line":52,"column":8}},{"start":{"line":53,"column":4},"end":{"line":54,"column":19}}],"line":18},"2":{"loc":{"start":{"line":58,"column":41},"end":{"line":58,"column":64}},"type":"default-arg","locations":[{"start":{"line":58,"column":49},"end":{"line":58,"column":64}}],"line":58},"3":{"loc":{"start":{"line":59,"column":2},"end":{"line":85,"column":3}},"type":"switch","locations":[{"start":{"line":60,"column":4},"end":{"line":64,"column":8}},{"start":{"line":65,"column":4},"end":{"line":70,"column":8}},{"start":{"line":71,"column":4},"end":{"line":76,"column":8}},{"start":{"line":77,"column":4},"end":{"line":81,"column":8}},{"start":{"line":83,"column":4},"end":{"line":84,"column":19}}],"line":59}},"s":{"0":0,"1":0,"2":0,"3":0,"4":0,"5":0,"6":0,"7":0,"8":0,"9":0,"10":0,"11":0,"12":0,"13":0,"14":0,"15":0},"f":{"0":0,"1":0},"b":{"0":[0],"1":[0,0,0,0,0,0,0],"2":[0],"3":[0,0,0,0,0]}}
}
